<?xml version="1.0" encoding="UTF-8" ?>
<testsuite errors="0" failures="0" hostname="Abi" name="main.ReverseAbridgedJUnitTest" skipped="0" tests="10" time="3.82" timestamp="2019-07-15T03:37:38">
  <properties>
[...]
</properties>
  <testcase classname="main.ReverseAbridgedJUnitTest" name="invalidTestOne" time="0.12" />
  <testcase classname="main.ReverseAbridgedJUnitTest" name="simpleTest" time="0.06" />
  <testcase classname="main.ReverseAbridgedJUnitTest" name="emptyTest" time="0.006" />
  <testcase classname="main.ReverseAbridgedJUnitTest" name="invalidTest" time="0.003" />
  <testcase classname="main.ReverseAbridgedJUnitTest" name="hugeFileTest" time="3.324" />
  <testcase classname="main.ReverseAbridgedJUnitTest" name="simpleTestFive" time="0.054" />
  <testcase classname="main.ReverseAbridgedJUnitTest" name="simpleTestFour" time="0.022" />
  <testcase classname="main.ReverseAbridgedJUnitTest" name="simpleTestOne" time="0.039" />
  <testcase classname="main.ReverseAbridgedJUnitTest" name="simpleTestTwo" time="0.029" />
  <testcase classname="main.ReverseAbridgedJUnitTest" name="simpleTestThree" time="0.01" />
  <system-out><![CDATA[resources/input/dummyEmpty.fasta is an empty file
]]></system-out>
  <system-err><![CDATA[]]></system-err>
</testsuite>
